<?xml version="1.0" encoding="UTF-8"?>
<testsuite name="com.api.poi.api.UserControllerTest" tests="6" skipped="1" failures="0" errors="0" timestamp="2022-08-25T19:43:47" hostname="Diana.Home" time="0.832">
  <properties/>
  <testcase name="tryAddNewUser_then_badRequest()" classname="com.api.poi.api.UserControllerTest" time="0.617"/>
  <testcase name="getMethod_want_accessAllTheUsers()" classname="com.api.poi.api.UserControllerTest" time="0.122"/>
  <testcase name="tryEditUser_then_notFound()" classname="com.api.poi.api.UserControllerTest" time="0.013"/>
  <testcase name="tryDeleteAUser_then_deleteIt()" classname="com.api.poi.api.UserControllerTest" time="0.025"/>
  <testcase name="editUser_then_hadUserEdited()" classname="com.api.poi.api.UserControllerTest" time="0.049"/>
  <testcase name="addPoi_when_wantToAddOneUser()" classname="com.api.poi.api.UserControllerTest" time="0.001">
    <skipped/>
  </testcase>
  <system-out><![CDATA[20:43:48.165 [Test worker] DEBUG _org.springframework.web.servlet.HandlerMapping.Mappings - 
	c.a.u.a.UserController:
	{DELETE [/api/deleting/{id}]}: deletingInformation(Integer)
	{PUT [/api/update/{id}]}: updatingInformation(UserDto,BindingResult,Integer)
	{GET [/api/consult]}: accessingAllUsers()
	{POST [/api/adding]}: addingNewPoi(UserDto,BindingResult,UriComponentsBuilder)
20:43:48.173 [Test worker] DEBUG org.springframework.web.servlet.mvc.method.annotation.RequestMappingHandlerMapping - 4 mappings in org.springframework.web.servlet.mvc.method.annotation.RequestMappingHandlerMapping
20:43:48.368 [Test worker] DEBUG org.springframework.web.servlet.mvc.method.annotation.RequestMappingHandlerAdapter - ControllerAdvice beans: 0 @ModelAttribute, 0 @InitBinder, 1 RequestBodyAdvice, 1 ResponseBodyAdvice
20:43:48.390 [Test worker] DEBUG org.springframework.web.servlet.mvc.method.annotation.ExceptionHandlerExceptionResolver - ControllerAdvice beans: 0 @ExceptionHandler, 1 ResponseBodyAdvice
20:43:48.409 [Test worker] INFO org.springframework.mock.web.MockServletContext - Initializing Spring TestDispatcherServlet ''
20:43:48.409 [Test worker] INFO org.springframework.test.web.servlet.TestDispatcherServlet - Initializing Servlet ''
20:43:48.411 [Test worker] DEBUG org.springframework.test.web.servlet.TestDispatcherServlet - Detected AcceptHeaderLocaleResolver
20:43:48.412 [Test worker] DEBUG org.springframework.test.web.servlet.TestDispatcherServlet - Detected FixedThemeResolver
20:43:48.412 [Test worker] DEBUG org.springframework.test.web.servlet.TestDispatcherServlet - Detected org.springframework.web.servlet.view.DefaultRequestToViewNameTranslator@16e7b402
20:43:48.413 [Test worker] DEBUG org.springframework.test.web.servlet.TestDispatcherServlet - Detected org.springframework.web.servlet.support.SessionFlashMapManager@534c6767
20:43:48.413 [Test worker] DEBUG org.springframework.test.web.servlet.TestDispatcherServlet - enableLoggingRequestDetails='false': request parameters and headers will be masked to prevent unsafe logging of potentially sensitive data
20:43:48.413 [Test worker] INFO org.springframework.test.web.servlet.TestDispatcherServlet - Completed initialization in 4 ms
20:43:48.437 [Test worker] DEBUG org.springframework.test.web.servlet.TestDispatcherServlet - POST "/api/adding/", parameters={}
20:43:48.440 [Test worker] DEBUG org.springframework.web.servlet.mvc.method.annotation.RequestMappingHandlerMapping - Mapped to com.api.user.api.UserController#addingNewPoi(UserDto, BindingResult, UriComponentsBuilder)
20:43:48.462 [Test worker] WARN org.springframework.web.servlet.mvc.support.DefaultHandlerExceptionResolver - Resolved [org.springframework.http.converter.HttpMessageNotReadableException: Required request body is missing: public org.springframework.http.ResponseEntity<?> com.api.user.api.UserController.addingNewPoi(com.api.user.dto.UserDto,org.springframework.validation.BindingResult,org.springframework.web.util.UriComponentsBuilder)]
20:43:48.464 [Test worker] DEBUG org.springframework.test.web.servlet.TestDispatcherServlet - Completed 400 BAD_REQUEST
20:43:48.473 [Test worker] DEBUG _org.springframework.web.servlet.HandlerMapping.Mappings - 
	c.a.u.a.UserController:
	{DELETE [/api/deleting/{id}]}: deletingInformation(Integer)
	{PUT [/api/update/{id}]}: updatingInformation(UserDto,BindingResult,Integer)
	{GET [/api/consult]}: accessingAllUsers()
	{POST [/api/adding]}: addingNewPoi(UserDto,BindingResult,UriComponentsBuilder)
20:43:48.475 [Test worker] DEBUG org.springframework.web.servlet.mvc.method.annotation.RequestMappingHandlerMapping - 4 mappings in org.springframework.web.servlet.mvc.method.annotation.RequestMappingHandlerMapping
20:43:48.479 [Test worker] DEBUG org.springframework.web.servlet.mvc.method.annotation.RequestMappingHandlerAdapter - ControllerAdvice beans: 0 @ModelAttribute, 0 @InitBinder, 1 RequestBodyAdvice, 1 ResponseBodyAdvice
20:43:48.480 [Test worker] DEBUG org.springframework.web.servlet.mvc.method.annotation.ExceptionHandlerExceptionResolver - ControllerAdvice beans: 0 @ExceptionHandler, 1 ResponseBodyAdvice
20:43:48.481 [Test worker] INFO org.springframework.mock.web.MockServletContext - Initializing Spring TestDispatcherServlet ''
20:43:48.481 [Test worker] INFO org.springframework.test.web.servlet.TestDispatcherServlet - Initializing Servlet ''
20:43:48.481 [Test worker] DEBUG org.springframework.test.web.servlet.TestDispatcherServlet - Detected AcceptHeaderLocaleResolver
20:43:48.481 [Test worker] DEBUG org.springframework.test.web.servlet.TestDispatcherServlet - Detected FixedThemeResolver
20:43:48.481 [Test worker] DEBUG org.springframework.test.web.servlet.TestDispatcherServlet - Detected org.springframework.web.servlet.view.DefaultRequestToViewNameTranslator@a098d76
20:43:48.481 [Test worker] DEBUG org.springframework.test.web.servlet.TestDispatcherServlet - Detected org.springframework.web.servlet.support.SessionFlashMapManager@40e37b06
20:43:48.481 [Test worker] DEBUG org.springframework.test.web.servlet.TestDispatcherServlet - enableLoggingRequestDetails='false': request parameters and headers will be masked to prevent unsafe logging of potentially sensitive data
20:43:48.481 [Test worker] INFO org.springframework.test.web.servlet.TestDispatcherServlet - Completed initialization in 0 ms
20:43:48.492 [Test worker] DEBUG org.springframework.test.web.servlet.TestDispatcherServlet - GET "/api/consult/", parameters={}
20:43:48.493 [Test worker] DEBUG org.springframework.web.servlet.mvc.method.annotation.RequestMappingHandlerMapping - Mapped to com.api.user.api.UserController#accessingAllUsers()
20:43:48.507 [Test worker] DEBUG org.springframework.web.servlet.mvc.method.annotation.HttpEntityMethodProcessor - Using 'application/json', given [application/json] and supported [application/json, application/*+json]
20:43:48.513 [Test worker] DEBUG org.springframework.web.servlet.mvc.method.annotation.HttpEntityMethodProcessor - Writing [[PoiDto{id=1, name='Diana', addressName='Rua', zipCode='null', city='Porto'}]]
20:43:48.544 [Test worker] DEBUG org.springframework.test.web.servlet.TestDispatcherServlet - Completed 200 OK

MockHttpServletRequest:
      HTTP Method = GET
      Request URI = /api/consult/
       Parameters = {}
          Headers = [Accept:"application/json"]
             Body = <no character encoding set>
    Session Attrs = {}

Handler:
             Type = com.api.user.api.UserController
           Method = com.api.user.api.UserController#accessingAllUsers()

Async:
    Async started = false
     Async result = null

Resolved Exception:
             Type = null

ModelAndView:
        View name = null
             View = null
            Model = null

FlashMap:
       Attributes = null

MockHttpServletResponse:
           Status = 200
    Error message = null
          Headers = [Content-Type:"application/json"]
     Content type = application/json
             Body = [{"id":1,"name":"Diana","addressName":"Rua","zipCode":null,"city":"Porto"}]
    Forwarded URL = null
   Redirected URL = null
          Cookies = []
20:43:48.579 [Test worker] DEBUG com.jayway.jsonpath.internal.path.CompiledPath - Evaluating path: $[0]['id']
20:43:48.582 [Test worker] DEBUG com.jayway.jsonpath.internal.path.CompiledPath - Evaluating path: $[0]['name']
20:43:48.583 [Test worker] DEBUG com.jayway.jsonpath.internal.path.CompiledPath - Evaluating path: $[0]['city']
20:43:48.583 [Test worker] DEBUG com.jayway.jsonpath.internal.path.CompiledPath - Evaluating path: $[0]['addressName']
20:43:48.593 [Test worker] DEBUG _org.springframework.web.servlet.HandlerMapping.Mappings - 
	c.a.u.a.UserController:
	{DELETE [/api/deleting/{id}]}: deletingInformation(Integer)
	{PUT [/api/update/{id}]}: updatingInformation(UserDto,BindingResult,Integer)
	{GET [/api/consult]}: accessingAllUsers()
	{POST [/api/adding]}: addingNewPoi(UserDto,BindingResult,UriComponentsBuilder)
20:43:48.594 [Test worker] DEBUG org.springframework.web.servlet.mvc.method.annotation.RequestMappingHandlerMapping - 4 mappings in org.springframework.web.servlet.mvc.method.annotation.RequestMappingHandlerMapping
20:43:48.597 [Test worker] DEBUG org.springframework.web.servlet.mvc.method.annotation.RequestMappingHandlerAdapter - ControllerAdvice beans: 0 @ModelAttribute, 0 @InitBinder, 1 RequestBodyAdvice, 1 ResponseBodyAdvice
20:43:48.598 [Test worker] DEBUG org.springframework.web.servlet.mvc.method.annotation.ExceptionHandlerExceptionResolver - ControllerAdvice beans: 0 @ExceptionHandler, 1 ResponseBodyAdvice
20:43:48.598 [Test worker] INFO org.springframework.mock.web.MockServletContext - Initializing Spring TestDispatcherServlet ''
20:43:48.599 [Test worker] INFO org.springframework.test.web.servlet.TestDispatcherServlet - Initializing Servlet ''
20:43:48.599 [Test worker] DEBUG org.springframework.test.web.servlet.TestDispatcherServlet - Detected AcceptHeaderLocaleResolver
20:43:48.599 [Test worker] DEBUG org.springframework.test.web.servlet.TestDispatcherServlet - Detected FixedThemeResolver
20:43:48.599 [Test worker] DEBUG org.springframework.test.web.servlet.TestDispatcherServlet - Detected org.springframework.web.servlet.view.DefaultRequestToViewNameTranslator@2f860823
20:43:48.599 [Test worker] DEBUG org.springframework.test.web.servlet.TestDispatcherServlet - Detected org.springframework.web.servlet.support.SessionFlashMapManager@696b4a95
20:43:48.599 [Test worker] DEBUG org.springframework.test.web.servlet.TestDispatcherServlet - enableLoggingRequestDetails='false': request parameters and headers will be masked to prevent unsafe logging of potentially sensitive data
20:43:48.599 [Test worker] INFO org.springframework.test.web.servlet.TestDispatcherServlet - Completed initialization in 0 ms
20:43:48.601 [Test worker] DEBUG org.springframework.test.web.servlet.TestDispatcherServlet - PUT "/api/updating/2", parameters={}
20:43:48.602 [Test worker] WARN org.springframework.web.servlet.PageNotFound - No mapping for PUT /api/updating/2
20:43:48.602 [Test worker] DEBUG org.springframework.test.web.servlet.TestDispatcherServlet - Completed 404 NOT_FOUND
20:43:48.608 [Test worker] DEBUG _org.springframework.web.servlet.HandlerMapping.Mappings - 
	c.a.u.a.UserController:
	{DELETE [/api/deleting/{id}]}: deletingInformation(Integer)
	{PUT [/api/update/{id}]}: updatingInformation(UserDto,BindingResult,Integer)
	{GET [/api/consult]}: accessingAllUsers()
	{POST [/api/adding]}: addingNewPoi(UserDto,BindingResult,UriComponentsBuilder)
20:43:48.610 [Test worker] DEBUG org.springframework.web.servlet.mvc.method.annotation.RequestMappingHandlerMapping - 4 mappings in org.springframework.web.servlet.mvc.method.annotation.RequestMappingHandlerMapping
20:43:48.612 [Test worker] DEBUG org.springframework.web.servlet.mvc.method.annotation.RequestMappingHandlerAdapter - ControllerAdvice beans: 0 @ModelAttribute, 0 @InitBinder, 1 RequestBodyAdvice, 1 ResponseBodyAdvice
20:43:48.614 [Test worker] DEBUG org.springframework.web.servlet.mvc.method.annotation.ExceptionHandlerExceptionResolver - ControllerAdvice beans: 0 @ExceptionHandler, 1 ResponseBodyAdvice
20:43:48.615 [Test worker] INFO org.springframework.mock.web.MockServletContext - Initializing Spring TestDispatcherServlet ''
20:43:48.615 [Test worker] INFO org.springframework.test.web.servlet.TestDispatcherServlet - Initializing Servlet ''
20:43:48.615 [Test worker] DEBUG org.springframework.test.web.servlet.TestDispatcherServlet - Detected AcceptHeaderLocaleResolver
20:43:48.615 [Test worker] DEBUG org.springframework.test.web.servlet.TestDispatcherServlet - Detected FixedThemeResolver
20:43:48.615 [Test worker] DEBUG org.springframework.test.web.servlet.TestDispatcherServlet - Detected org.springframework.web.servlet.view.DefaultRequestToViewNameTranslator@643d2dae
20:43:48.615 [Test worker] DEBUG org.springframework.test.web.servlet.TestDispatcherServlet - Detected org.springframework.web.servlet.support.SessionFlashMapManager@52d6d273
20:43:48.615 [Test worker] DEBUG org.springframework.test.web.servlet.TestDispatcherServlet - enableLoggingRequestDetails='false': request parameters and headers will be masked to prevent unsafe logging of potentially sensitive data
20:43:48.615 [Test worker] INFO org.springframework.test.web.servlet.TestDispatcherServlet - Completed initialization in 0 ms
20:43:48.616 [Test worker] DEBUG org.springframework.test.web.servlet.TestDispatcherServlet - DELETE "/api/deleting/1", parameters={}
20:43:48.616 [Test worker] DEBUG org.springframework.web.servlet.mvc.method.annotation.RequestMappingHandlerMapping - Mapped to com.api.user.api.UserController#deletingInformation(Integer)
20:43:48.628 [Test worker] DEBUG org.springframework.web.servlet.mvc.method.annotation.HttpEntityMethodProcessor - Using 'application/json', given [*/*] and supported [application/json, application/*+json]
20:43:48.628 [Test worker] DEBUG org.springframework.web.servlet.mvc.method.annotation.HttpEntityMethodProcessor - Nothing to write: null body
20:43:48.628 [Test worker] DEBUG org.springframework.test.web.servlet.TestDispatcherServlet - Completed 204 NO_CONTENT
20:43:48.633 [Test worker] DEBUG _org.springframework.web.servlet.HandlerMapping.Mappings - 
	c.a.u.a.UserController:
	{DELETE [/api/deleting/{id}]}: deletingInformation(Integer)
	{PUT [/api/update/{id}]}: updatingInformation(UserDto,BindingResult,Integer)
	{GET [/api/consult]}: accessingAllUsers()
	{POST [/api/adding]}: addingNewPoi(UserDto,BindingResult,UriComponentsBuilder)
20:43:48.634 [Test worker] DEBUG org.springframework.web.servlet.mvc.method.annotation.RequestMappingHandlerMapping - 4 mappings in org.springframework.web.servlet.mvc.method.annotation.RequestMappingHandlerMapping
20:43:48.636 [Test worker] DEBUG org.springframework.web.servlet.mvc.method.annotation.RequestMappingHandlerAdapter - ControllerAdvice beans: 0 @ModelAttribute, 0 @InitBinder, 1 RequestBodyAdvice, 1 ResponseBodyAdvice
20:43:48.638 [Test worker] DEBUG org.springframework.web.servlet.mvc.method.annotation.ExceptionHandlerExceptionResolver - ControllerAdvice beans: 0 @ExceptionHandler, 1 ResponseBodyAdvice
20:43:48.638 [Test worker] INFO org.springframework.mock.web.MockServletContext - Initializing Spring TestDispatcherServlet ''
20:43:48.638 [Test worker] INFO org.springframework.test.web.servlet.TestDispatcherServlet - Initializing Servlet ''
20:43:48.638 [Test worker] DEBUG org.springframework.test.web.servlet.TestDispatcherServlet - Detected AcceptHeaderLocaleResolver
20:43:48.638 [Test worker] DEBUG org.springframework.test.web.servlet.TestDispatcherServlet - Detected FixedThemeResolver
20:43:48.638 [Test worker] DEBUG org.springframework.test.web.servlet.TestDispatcherServlet - Detected org.springframework.web.servlet.view.DefaultRequestToViewNameTranslator@3456558
20:43:48.638 [Test worker] DEBUG org.springframework.test.web.servlet.TestDispatcherServlet - Detected org.springframework.web.servlet.support.SessionFlashMapManager@2dfb885e
20:43:48.638 [Test worker] DEBUG org.springframework.test.web.servlet.TestDispatcherServlet - enableLoggingRequestDetails='false': request parameters and headers will be masked to prevent unsafe logging of potentially sensitive data
20:43:48.638 [Test worker] INFO org.springframework.test.web.servlet.TestDispatcherServlet - Completed initialization in 0 ms
20:43:48.642 [Test worker] DEBUG org.springframework.test.web.servlet.TestDispatcherServlet - PUT "/api/update/1", parameters={}
20:43:48.642 [Test worker] DEBUG org.springframework.web.servlet.mvc.method.annotation.RequestMappingHandlerMapping - Mapped to com.api.user.api.UserController#updatingInformation(UserDto, BindingResult, Integer)
20:43:48.665 [Test worker] DEBUG org.springframework.web.servlet.mvc.method.annotation.RequestResponseBodyMethodProcessor - Read "application/json" to [PoiDto{id=1, name='Diana', addressName='Rua', zipCode='null', city='Porto'}]
20:43:48.675 [Test worker] DEBUG org.springframework.web.servlet.mvc.method.annotation.HttpEntityMethodProcessor - Using 'application/json', given [application/json] and supported [application/json, application/*+json]
20:43:48.675 [Test worker] DEBUG org.springframework.web.servlet.mvc.method.annotation.HttpEntityMethodProcessor - Nothing to write: null body
20:43:48.675 [Test worker] DEBUG org.springframework.test.web.servlet.TestDispatcherServlet - Completed 200 OK
]]></system-out>
  <system-err><![CDATA[]]></system-err>
</testsuite>
