<?xml version="1.0" encoding="UTF-8"?>
<testsuite name="com.api.poi.converters.UserDtoToUserTest" tests="1" skipped="0" failures="0" errors="0" timestamp="2022-08-25T19:43:47" hostname="Diana.Home" time="0.303">
  <properties/>
  <testcase name="given_userDto_when_wantConvert_then_receiveUser()" classname="com.api.poi.converters.UserDtoToUserTest" time="0.303"/>
  <system-out><![CDATA[]]></system-out>
  <system-err><![CDATA[]]></system-err>
</testsuite>
