<?xml version="1.0" encoding="UTF-8"?>
<testsuite name="com.api.poi.converters.UserToUserDtoTest" tests="1" skipped="0" failures="0" errors="0" timestamp="2022-08-25T19:43:47" hostname="Diana.Home" time="0.001">
  <properties/>
  <testcase name="given_user_when_wantConvert_then_receiveUserDto()" classname="com.api.poi.converters.UserToUserDtoTest" time="0.001"/>
  <system-out><![CDATA[]]></system-out>
  <system-err><![CDATA[]]></system-err>
</testsuite>
